<?xml version="1.0" encoding="UTF-8"?>
<!-- Generated by org.testng.reporters.JUnitReportReporter -->
<testsuite hostname="TulipsKALaptop" failures="0" tests="1" name="automationtesting.AlertPractice" time="32.814" errors="0" timestamp="2024-03-09T00:04:15 EST" skipped="0">
  <testcase classname="automationtesting.AlertPractice" name="AlertMethodExample" time="32.814"/>
  <system-out/>
</testsuite> <!-- automationtesting.AlertPractice -->
