<?xml version="1.0" encoding="UTF-8"?>
<!-- Generated by org.testng.reporters.JUnitReportReporter -->
<testsuite hostname="TulipsKALaptop" failures="0" tests="1" name="automationtesting.FacebookRegistration" time="16.256" errors="0" timestamp="2024-03-29T16:30:00 EDT" skipped="0">
  <testcase classname="automationtesting.FacebookRegistration" name="facebookReg" time="16.256"/>
  <system-out/>
</testsuite> <!-- automationtesting.FacebookRegistration -->
