<?xml version="1.0" encoding="UTF-8"?>
<!-- Generated by org.testng.reporters.JUnitReportReporter -->
<testsuite hostname="TulipsKALaptop" failures="0" tests="1" name="automationtesting.AccessModifierTest" time="0.025" errors="0" timestamp="2024-03-16T19:12:46 EDT" skipped="0">
  <testcase classname="automationtesting.AccessModifierTest" name="publicdisplay" time="0.025"/>
  <system-out/>
</testsuite> <!-- automationtesting.AccessModifierTest -->
