<?xml version="1.0" encoding="UTF-8"?>
<!-- Generated by org.testng.reporters.JUnitReportReporter -->
<testsuite hostname="TulipsKALaptop" failures="0" tests="3" name="SeleniumDayChallenge.AnnotationTest" time="0.011" errors="0" timestamp="2024-03-31T19:36:18 EDT" skipped="0">
  <testcase classname="SeleniumDayChallenge.AnnotationTest" name="testmethod2" time="0.006"/>
  <system-out/>
  <testcase classname="SeleniumDayChallenge.AnnotationTest" name="testmethod1" time="0.002"/>
  <system-out/>
  <testcase classname="SeleniumDayChallenge.AnnotationTest" name="testmethod0" time="0.003"/>
  <system-out/>
</testsuite> <!-- SeleniumDayChallenge.AnnotationTest -->
