<?xml version="1.0" encoding="UTF-8"?>
<!-- Generated by org.testng.reporters.JUnitReportReporter -->
<testsuite hostname="TulipsKALaptop" failures="0" tests="1" name="automationtesting.WebAlertPractice" time="9.657" errors="0" timestamp="2024-03-26T14:11:35 EDT" skipped="0">
  <testcase classname="automationtesting.WebAlertPractice" name="AlertMethodExample" time="9.657"/>
  <system-out/>
</testsuite> <!-- automationtesting.WebAlertPractice -->
