<?xml version="1.0" encoding="UTF-8"?>
<!-- Generated by org.testng.reporters.JUnitReportReporter -->
<testsuite hostname="TulipsKALaptop" failures="0" tests="2" name="SeleniumDayChallenge.Day1_BypassBrowserAuth" time="0.083" errors="0" timestamp="2024-03-31T19:40:37 EDT" skipped="0">
  <testcase classname="SeleniumDayChallenge.Day1_BypassBrowserAuth" name="process" time="0.043"/>
  <system-out/>
  <testcase classname="SeleniumDayChallenge.Day1_BypassBrowserAuth" name="process" time="0.040"/>
  <system-out/>
</testsuite> <!-- SeleniumDayChallenge.Day1_BypassBrowserAuth -->
