<?xml version="1.0" encoding="UTF-8"?>
<!-- Generated by org.testng.reporters.JUnitReportReporter -->
<testsuite hostname="TulipsKALaptop" failures="0" tests="2" name="automationProject.MRSSiteRegistrationManualAuto" time="29.712" errors="0" timestamp="2024-04-01T21:24:24 EDT" skipped="0">
  <testcase classname="automationProject.MRSSiteRegistrationManualAuto" name="callingRegistrationManual" time="15.236"/>
  <system-out/>
  <testcase classname="automationProject.MRSSiteRegistrationManualAuto" name="callingRegistration" time="14.476"/>
  <system-out/>
</testsuite> <!-- automationProject.MRSSiteRegistrationManualAuto -->
