<?xml version="1.0" encoding="UTF-8"?>
<!-- Generated by org.testng.reporters.JUnitReportReporter -->
<testsuite hostname="TulipsKALaptop" failures="0" tests="1" name="automationtesting.RediffGainer" time="32.499" errors="0" timestamp="2024-03-13T00:41:17 EDT" skipped="0">
  <testcase classname="automationtesting.RediffGainer" name="FetchGainer" time="32.499"/>
  <system-out/>
</testsuite> <!-- automationtesting.RediffGainer -->
