<?xml version="1.0" encoding="UTF-8"?>
<!-- Generated by org.testng.reporters.JUnitReportReporter -->
<testsuite hostname="TulipsKALaptop" failures="0" tests="1" name="automationtesting.WindowAlertPractice" time="15.114" errors="0" timestamp="2024-03-16T16:39:45 EDT" skipped="0">
  <testcase classname="automationtesting.WindowAlertPractice" name="WindowAlert" time="15.114"/>
  <system-out/>
</testsuite> <!-- automationtesting.WindowAlertPractice -->
