<?xml version="1.0" encoding="UTF-8"?>
<!-- Generated by org.testng.reporters.JUnitReportReporter -->
<testsuite hostname="TulipsKALaptop" failures="0" tests="1" name="automationProject.Stock_Single1" time="6.624" errors="0" timestamp="2024-03-19T00:12:03 EDT" skipped="0">
  <testcase classname="automationProject.Stock_Single1" name="ReiffGainerFetch" time="6.624"/>
  <system-out/>
</testsuite> <!-- automationProject.Stock_Single1 -->
