<?xml version="1.0" encoding="UTF-8"?>
<!-- Generated by org.testng.reporters.JUnitReportReporter -->
<testsuite hostname="TulipsKALaptop" failures="0" tests="3" name="SeleniumDayChallenge.CallingDataProvider" time="0.011" errors="0" timestamp="2024-03-29T11:53:14 EDT" skipped="0">
  <testcase classname="SeleniumDayChallenge.CallingDataProvider" name="fetch" time="0.002"/>
  <system-out/>
  <testcase classname="SeleniumDayChallenge.CallingDataProvider" name="fetch" time="0.001"/>
  <system-out/>
  <testcase classname="SeleniumDayChallenge.CallingDataProvider" name="fetch" time="0.008"/>
  <system-out/>
</testsuite> <!-- SeleniumDayChallenge.CallingDataProvider -->
