<?xml version="1.0" encoding="UTF-8"?>
<!-- Generated by org.testng.reporters.JUnitReportReporter -->
<testsuite hostname="TulipsKALaptop" failures="0" tests="1" name="automationProject.OpenMrs_AppSchedule_NewService" time="6.446" errors="0" timestamp="2024-04-08T02:38:11 EDT" skipped="0">
  <testcase classname="automationProject.OpenMrs_AppSchedule_NewService" name="Login" time="6.446"/>
  <system-out/>
</testsuite> <!-- automationProject.OpenMrs_AppSchedule_NewService -->
