<?xml version="1.0" encoding="UTF-8"?>
<!-- Generated by org.testng.reporters.JUnitReportReporter -->
<testsuite hostname="TulipsKALaptop" failures="0" tests="1" name="automationProject.RediffGainer" time="8.519" errors="0" timestamp="2024-03-18T22:14:33 EDT" skipped="0">
  <testcase classname="automationProject.RediffGainer" name="FetchGainer1" time="8.519"/>
  <system-out/>
</testsuite> <!-- automationProject.RediffGainer -->
