<?xml version="1.0" encoding="UTF-8"?>
<!-- Generated by org.testng.reporters.JUnitReportReporter -->
<testsuite hostname="TulipsKALaptop" failures="0" tests="2" name="automationProject.MRSSiteRegistrationManualAuto" time="26.674" errors="0" timestamp="2024-03-28T13:43:24 EDT" skipped="0">
  <testcase classname="automationProject.MRSSiteRegistrationManualAuto" name="callingRegistrationManual" time="15.580"/>
  <system-out/>
  <testcase classname="automationProject.MRSSiteRegistrationManualAuto" name="callingRegistration" time="11.094"/>
  <system-out/>
</testsuite> <!-- automationProject.MRSSiteRegistrationManualAuto -->
