<?xml version="1.0" encoding="UTF-8"?>
<!-- Generated by org.testng.reporters.JUnitReportReporter -->
<testsuite hostname="TulipsKALaptop" failures="0" tests="1" name="automationProject.RediffGainer_Multiple" time="92.160" errors="0" timestamp="2024-03-18T21:10:31 EDT" skipped="0">
  <testcase classname="automationProject.RediffGainer_Multiple" name="FetchGainer" time="92.160"/>
  <system-out/>
</testsuite> <!-- automationProject.RediffGainer_Multiple -->
