<?xml version="1.0" encoding="UTF-8"?>
<!-- Generated by org.testng.reporters.JUnitReportReporter -->
<testsuite hostname="TulipsKALaptop" failures="0" tests="3" name="SeleniumDayChallenge.AnnotationTest" time="0.008" errors="0" timestamp="2024-03-28T23:12:27 EDT" skipped="0">
  <testcase classname="SeleniumDayChallenge.AnnotationTest" name="testmethod2" time="0.006"/>
  <system-out/>
  <testcase classname="SeleniumDayChallenge.AnnotationTest" name="testmethod1" time="0.001"/>
  <system-out/>
  <testcase classname="SeleniumDayChallenge.AnnotationTest" name="testmethod0" time="0.001"/>
  <system-out/>
</testsuite> <!-- SeleniumDayChallenge.AnnotationTest -->
