<?xml version="1.0" encoding="UTF-8"?>
<!-- Generated by org.testng.reporters.JUnitReportReporter -->
<testsuite hostname="TulipsKALaptop" failures="0" tests="4" name="SeleniumDayChallenge.Day1_BypassBrowserAuth" time="0.062" errors="0" timestamp="2024-03-28T21:09:21 EDT" skipped="0">
  <testcase classname="SeleniumDayChallenge.Day1_BypassBrowserAuth" name="process" time="0.028"/>
  <system-out/>
  <testcase classname="SeleniumDayChallenge.Day1_BypassBrowserAuth" name="process2" time="0.001"/>
  <system-out/>
  <testcase classname="SeleniumDayChallenge.Day1_BypassBrowserAuth" name="process2" time="0.000"/>
  <system-out/>
  <testcase classname="SeleniumDayChallenge.Day1_BypassBrowserAuth" name="process" time="0.033"/>
  <system-out/>
</testsuite> <!-- SeleniumDayChallenge.Day1_BypassBrowserAuth -->
