<?xml version="1.0" encoding="UTF-8"?>
<!-- Generated by org.testng.reporters.JUnitReportReporter -->
<testsuite hostname="TulipsKALaptop" failures="0" tests="1" name="automationtesting.FacebookLogin" time="14.486" errors="0" timestamp="2024-03-29T16:51:15 EDT" skipped="0">
  <testcase classname="automationtesting.FacebookLogin" name="facebookLoginMethod" time="14.486"/>
  <system-out/>
</testsuite> <!-- automationtesting.FacebookLogin -->
